<?xml version="1.0" encoding="UTF-8"?>
<!-- Generated by org.testng.reporters.JUnitXMLReporter -->
<testsuite ignored="0" hostname="DESKTOP-87FF9DH" failures="2" tests="2" name="Complete test run" time="7.556" errors="0" timestamp="2020-05-28T16:29:31 NZST">
  <testcase classname="io.cucumber.testng.AbstractTestNGCucumberTests" name="runScenario" time="6.99">
    <failure type="io.cucumber.core.exception.CucumberException" message="Could not convert arguments for step [^I enter the following for Login$] defined at &amp;apos;steps.LoginStep.iEnterTheFollowingForLogin(java.util.List&amp;lt;steps.LoginStep$User&amp;gt;)&amp;apos;.
It appears you did not register a data table type. The details are in the stacktrace below.">
      <![CDATA[io.cucumber.core.exception.CucumberException: Could not convert arguments for step [^I enter the following for Login$] defined at 'steps.LoginStep.iEnterTheFollowingForLogin(java.util.List<steps.LoginStep$User>)'.
It appears you did not register a data table type. The details are in the stacktrace below.
at io.cucumber.core.runner.PickleStepDefinitionMatch.registerDataTableTypeInConfiguration(PickleStepDefinitionMatch.java:109)
at io.cucumber.core.runner.PickleStepDefinitionMatch.runStep(PickleStepDefinitionMatch.java:50)
at io.cucumber.core.runner.TestStep.executeStep(TestStep.java:64)
at io.cucumber.core.runner.TestStep.run(TestStep.java:49)
at io.cucumber.core.runner.PickleStepTestStep.run(PickleStepTestStep.java:46)
at io.cucumber.core.runner.TestCase.run(TestCase.java:51)
at io.cucumber.core.runner.Runner.runPickle(Runner.java:67)
at io.cucumber.testng.TestNGCucumberRunner.runScenario(TestNGCucumberRunner.java:124)
at io.cucumber.testng.AbstractTestNGCucumberTests.runScenario(AbstractTestNGCucumberTests.java:29)
at java.base/java.util.ArrayList.forEach(ArrayList.java:1540)
Caused by: io.cucumber.datatable.UndefinedDataTableTypeException: Can't convert DataTable to List<steps.LoginStep$User>.
Please review these problems:

 - There was no table entry or table row transformer registered for steps.LoginStep$User.
   Please consider registering a table entry or row transformer.

 - There was no default table entry transformer registered to transform steps.LoginStep$User.
   Please consider registering a default table entry transformer.

Note: Usually solving one is enough
at io.cucumber.datatable.UndefinedDataTableTypeException.listNoConverterDefined(UndefinedDataTableTypeException.java:110)
at io.cucumber.datatable.DataTableTypeRegistryTableConverter.toList(DataTableTypeRegistryTableConverter.java:136)
at io.cucumber.datatable.DataTableTypeRegistryTableConverter.convert(DataTableTypeRegistryTableConverter.java:102)
at io.cucumber.datatable.DataTable.convert(DataTable.java:360)
at io.cucumber.core.stepexpression.StepExpressionFactory.lambda$createExpression$4(StepExpressionFactory.java:63)
at io.cucumber.core.stepexpression.DataTableArgument.getValue(DataTableArgument.java:19)
at io.cucumber.core.runner.PickleStepDefinitionMatch.runStep(PickleStepDefinitionMatch.java:47)
... 39 more
... Removed 31 stack frames]]>
    </failure>
  </testcase> <!-- runScenario -->
  <testcase classname="io.cucumber.testng.AbstractTestNGCucumberTests" name="runScenario" time="7.007">
    <failure type="org.openqa.selenium.NoSuchSessionException" message="Session ID is null. Using WebDriver after calling quit()?
Build info: version: &amp;apos;4.0.0-alpha-3&amp;apos;, revision: &amp;apos;8c567de6dc&amp;apos;
System info: host: &amp;apos;DESKTOP-87FF9DH&amp;apos;, ip: &amp;apos;192.168.1.32&amp;apos;, os.name: &amp;apos;Windows 10&amp;apos;, os.arch: &amp;apos;amd64&amp;apos;, os.version: &amp;apos;10.0&amp;apos;, java.version: &amp;apos;11.0.3&amp;apos;
Driver info: driver.version: RemoteWebDriver">
      <![CDATA[org.openqa.selenium.NoSuchSessionException: Session ID is null. Using WebDriver after calling quit()?
Build info: version: '4.0.0-alpha-3', revision: '8c567de6dc'
System info: host: 'DESKTOP-87FF9DH', ip: '192.168.1.32', os.name: 'Windows 10', os.arch: 'amd64', os.version: '10.0', java.version: '11.0.3'
Driver info: driver.version: RemoteWebDriver
at org.openqa.selenium.remote.HttpCommandExecutor.execute(HttpCommandExecutor.java:128)
at org.openqa.selenium.remote.service.DriverCommandExecutor.execute(DriverCommandExecutor.java:83)
at org.openqa.selenium.remote.RemoteWebDriver.execute(RemoteWebDriver.java:576)
at org.openqa.selenium.remote.RemoteWebDriver.execute(RemoteWebDriver.java:633)
at org.openqa.selenium.remote.RemoteWebDriver.execute(RemoteWebDriver.java:637)
at org.openqa.selenium.remote.RemoteWebDriver.getScreenshotAs(RemoteWebDriver.java:297)
at Base.ExtentReportUtil.ExtentReportScreenshot(ExtentReportUtil.java:39)
at runner.NGTestListener.onTestFailure(NGTestListener.java:37)
at java.base/java.util.ArrayList.forEach(ArrayList.java:1540)
... Removed 28 stack frames]]>
    </failure>
  </testcase> <!-- runScenario -->
</testsuite> <!-- Complete test run -->
